     484
\n
PID : COMMAND
5818 : /Applications/iTerm.app/Contents/MacOS/iTerm2
120 : /System/Library/PrivateFrameworks/SkyLight.framework/Resources/WindowServer
8659 : -zsh
326 : /System/Library/CoreServices/Finder.app/Contents/MacOS/Finder
8889 : /System/Library/Frameworks/WebKit.framework/Versions/A/XPCServices/com.apple.WebKit.WebContent.xpc/Contents/MacOS/com.apple.WebKit.WebContent
394 : /System/Library/CoreServices/Siri.app/Contents/MacOS/Siri
2988 : /Applications/zoom.us.app/Contents/MacOS/zoom.us
93 : /System/Library/CoreServices/launchservicesd
215 : /usr/libexec/syspolicyd
2613 : /Applications/Discord.app/Contents/Frameworks/Discord
91 : /usr/libexec/opendirectoryd
1 : /sbin/launchd
167 : /usr/sbin/coreaudiod
298 : /System/Library/PrivateFrameworks/ViewBridge.framework/Versions/A/XPCServices/ViewBridgeAuxiliary.xpc/Contents/MacOS/ViewBridgeAuxiliary
468 : /usr/libexec/gamecontrollerd
70 : /usr/libexec/logd
65 : /System/Library/CoreServices/powerd.bundle/powerd
338 : /System/Library/PrivateFrameworks/ViewBridge.framework/Versions/A/XPCServices/ViewBridgeAuxiliary.xpc/Contents/MacOS/ViewBridgeAuxiliary
660 : /System/Library/CoreServices/Siri.app/Contents/XPCServices/SiriNCService.xpc/Contents/MacOS/SiriNCService
3096 : /Applications/Spotify.app/Contents/MacOS/Spotify
115 : /usr/sbin/notifyd
8894 : /System/Library/Frameworks/WebKit.framework/Versions/A/XPCServices/com.apple.WebKit.WebContent.xpc/Contents/MacOS/com.apple.WebKit.WebContent
8860 : /Applications/VirtualBox.app/Contents/MacOS/VirtualBox
8802 : /Applications/VirtualBox.app/Contents/MacOS/VBoxSVC
8800 : /Applications/VirtualBox.app/Contents/MacOS/VBoxXPCOMIPCD
8798 : /System/Library/PrivateFrameworks/XprotectFramework.framework/Versions/A/XPCServices/XprotectService.xpc/Contents/MacOS/XprotectService
8796 : /System/Library/CoreServices/CoreServicesUIAgent.app/Contents/MacOS/CoreServicesUIAgent
8768 : /System/Library/Frameworks/NetFS.framework/Versions/A/XPCServices/PlugInLibraryService.xpc/Contents/MacOS/PlugInLibraryService
8710 : /Users/ew0s/.cache/gitstatus/gitstatusd-darwin-x86_64
8708 : -zsh
8707 : -zsh
8663 : -zsh
8658 : login
6029 : /System/Library/Frameworks/WebKit.framework/Versions/A/XPCServices/com.apple.WebKit.WebContent.xpc/Contents/MacOS/com.apple.WebKit.WebContent
5825 : /Applications/iTerm.app/Contents/XPCServices/pidinfo.xpc/Contents/MacOS/pidinfo
5820 : /Users/ew0s/Library/Application
5816 : /usr/libexec/warmd
5815 : /usr/libexec/warmd_agent
5781 : /System/Library/Frameworks/AudioToolbox.framework/XPCServices/com.apple.audio.SandboxHelper.xpc/Contents/MacOS/com.apple.audio.SandboxHelper
5724 : /usr/libexec/PerfPowerServices
4352 : /System/Library/PrivateFrameworks/IMFoundation.framework/XPCServices/IMRemoteURLConnectionAgent.xpc/Contents/MacOS/IMRemoteURLConnectionAgent
4351 : /System/Library/PrivateFrameworks/CallHistory.framework/Support/CallHistorySyncHelper
4197 : /System/Library/CoreServices/ReportCrash
4196 : /System/Library/Frameworks/VideoToolbox.framework/Versions/A/XPCServices/VTDecoderXPCService.xpc/Contents/MacOS/VTDecoderXPCService
3395 : /System/Library/Frameworks/CoreSpotlight.framework/CoreSpotlightService
3339 : /System/Library/CoreServices/UserNotificationCenter.app/Contents/MacOS/UserNotificationCenter
3291 : /System/Library/Frameworks/AudioToolbox.framework/XPCServices/com.apple.audio.SandboxHelper.xpc/Contents/MacOS/com.apple.audio.SandboxHelper
3289 : /usr/libexec/avconferenced
3285 : /System/Library/Frameworks/Metal.framework/Versions/A/XPCServices/MTLCompilerService.xpc/Contents/MacOS/MTLCompilerService
3284 : /System/Library/Frameworks/Metal.framework/Versions/A/XPCServices/MTLCompilerService.xpc/Contents/MacOS/MTLCompilerService
3214 : /System/Library/Frameworks/Metal.framework/Versions/A/XPCServices/MTLCompilerService.xpc/Contents/MacOS/MTLCompilerService
3213 : /System/Library/Frameworks/Metal.framework/Versions/A/XPCServices/MTLCompilerService.xpc/Contents/MacOS/MTLCompilerService
3108 : /Applications/Spotify.app/Contents/Frameworks/Spotify
3107 : /Applications/Spotify.app/Contents/Frameworks/Spotify
3104 : /System/Library/Frameworks/VideoToolbox.framework/Versions/A/XPCServices/VTDecoderXPCService.xpc/Contents/MacOS/VTDecoderXPCService
3103 : /Applications/Spotify.app/Contents/Frameworks/Spotify
3098 : /Applications/Spotify.app/Contents/Frameworks/Spotify
3057 : /System/Library/Frameworks/VideoToolbox.framework/Versions/A/XPCServices/VTDecoderXPCService.xpc/Contents/MacOS/VTDecoderXPCService
3030 : /System/Library/PrivateFrameworks/AssistantServices.framework/Versions/A/XPCServices/com.apple.siri.ClientFlow.ClientScripter.xpc/Contents/MacOS/com.apple.siri.ClientFlow.ClientScripter
3022 : /System/Library/PrivateFrameworks/IntlPreferences.framework/Support/localizationswitcherd
2990 : /Applications/zoom.us.app/Contents/Frameworks/caphost.app/Contents/MacOS/caphost
2980 : /System/Library/PrivateFrameworks/CoreSuggestions.framework/Versions/A/Support/reversetemplated
2978 : /System/Library/PrivateFrameworks/CoreRecents.framework/Versions/A/Support/recentsd
2977 : /System/Library/PrivateFrameworks/MessagesBlastDoorSupport.framework/Versions/A/XPCServices/MessagesBlastDoorService.xpc/Contents/MacOS/MessagesBlastDoorService
2720 : /System/Library/Frameworks/SafariServices.framework/Versions/A/XPCServices/com.apple.SafariServices.ExtensionHelper.xpc/Contents/MacOS/com.apple.SafariServices.ExtensionHelper
2717 : /System/Library/PrivateFrameworks/Categories.framework/Versions/A/XPCServices/CategoriesService.xpc/Contents/MacOS/CategoriesService
2714 : /System/Library/Frameworks/Quartz.framework/Versions/A/Frameworks/QuickLookUI.framework/Versions/A/XPCServices/QuickLookUIService.xpc/Contents/MacOS/QuickLookUIService
2713 : /System/Library/Frameworks/AppKit.framework/Versions/C/XPCServices/com.apple.appkit.xpc.openAndSavePanelService.xpc/Contents/MacOS/com.apple.appkit.xpc.openAndSavePanelService
2712 : /System/Library/PrivateFrameworks/SafariShared.framework/Versions/A/XPCServices/com.apple.Safari.SearchHelper.xpc/Contents/MacOS/com.apple.Safari.SearchHelper
2711 : /Library/Apple/System/Library/CoreServices/SafariSupport.bundle/Contents/MacOS/webinspectord
2709 : /Applications/1Blocker.app/Contents/PlugIns/MacBlockAnnoyancesExtension.appex/Contents/MacOS/MacBlockAnnoyancesExtension
2708 : /Applications/1Blocker.app/Contents/PlugIns/MacBlockAdultExtension.appex/Contents/MacOS/MacBlockAdultExtension
2707 : /Applications/1Blocker.app/Contents/PlugIns/MacBlockCommentsExtension.appex/Contents/MacOS/MacBlockCommentsExtension
2706 : /Applications/1Blocker.app/Contents/PlugIns/MacBlockSocialExtension.appex/Contents/MacOS/MacBlockSocialExtension
2705 : /Applications/1Blocker.app/Contents/PlugIns/MacBlockAdsExtension.appex/Contents/MacOS/MacBlockAdsExtension
2704 : /Applications/Safari.app/Contents/XPCServices/com.apple.Safari.SandboxBroker.xpc/Contents/MacOS/com.apple.Safari.SandboxBroker
2703 : /Applications/1Blocker.app/Contents/PlugIns/MacBlockInternationalExtension.appex/Contents/MacOS/MacBlockInternationalExtension
2702 : /Applications/1Blocker.app/Contents/PlugIns/MacBlockTrackersExtension.appex/Contents/MacOS/MacBlockTrackersExtension
2701 : /Applications/1Blocker.app/Contents/PlugIns/MacBlockCustomExtension.appex/Contents/MacOS/MacBlockCustomExtension
2700 : /System/Library/Frameworks/SafariServices.framework/Versions/A/XPCServices/com.apple.SafariServices.ExtensionHelper.xpc/Contents/MacOS/com.apple.SafariServices.ExtensionHelper
2699 : /System/Library/Frameworks/ImageIO.framework/Versions/A/XPCServices/ImageIOXPCService.xpc/Contents/MacOS/ImageIOXPCService
2697 : /Applications/1Blocker.app/Contents/PlugIns/1Blocker
2696 : /System/Library/Frameworks/WebKit.framework/Versions/A/XPCServices/com.apple.WebKit.Networking.xpc/Contents/MacOS/com.apple.WebKit.Networking
2694 : /Applications/Safari.app/Contents/MacOS/Safari
2624 : /System/Library/Frameworks/SystemExtensions.framework/Versions/A/Helpers/sysextd
2622 : /Applications/Discord.app/Contents/Frameworks/Discord
2621 : /System/Library/PrivateFrameworks/UniversalAccess.framework/Versions/A/Resources/universalAccessAuthWarn.app/Contents/MacOS/universalAccessAuthWarn
2620 : /System/Library/Frameworks/ApplicationServices.framework/Frameworks/SpeechSynthesis.framework/Resources/com.apple.speech.speechsynthesisd
2612 : /Applications/Discord.app/Contents/Frameworks/Electron
2604 : /Applications/Discord.app/Contents/Frameworks/Discord
2603 : /System/Library/Frameworks/VideoToolbox.framework/Versions/A/XPCServices/VTDecoderXPCService.xpc/Contents/MacOS/VTDecoderXPCService
2602 : /Applications/Discord.app/Contents/Frameworks/Discord
2601 : /Applications/Discord.app/Contents/MacOS/Discord
2522 : /System/Library/Frameworks/ColorSync.framework/Versions/A/XPCServices/com.apple.ColorSyncXPCAgent.xpc/Contents/MacOS/com.apple.ColorSyncXPCAgent
2257 : /System/Library/Frameworks/NetFS.framework/Versions/A/XPCServices/PlugInLibraryService.xpc/Contents/MacOS/PlugInLibraryService
2221 : /System/Library/Frameworks/AudioToolbox.framework/XPCServices/CAReportingService.xpc/Contents/MacOS/CAReportingService
1734 : /System/Library/Frameworks/NetFS.framework/Versions/A/XPCServices/PlugInLibraryService.xpc/Contents/MacOS/PlugInLibraryService
1676 : /System/Library/Frameworks/ColorSync.framework/Support/colorsync.useragent
1671 : /System/Library/Frameworks/Metal.framework/Versions/A/XPCServices/MTLCompilerService.xpc/Contents/MacOS/MTLCompilerService
1669 : /System/Library/Frameworks/Metal.framework/Versions/A/XPCServices/MTLCompilerService.xpc/Contents/MacOS/MTLCompilerService
1668 : /System/Library/PrivateFrameworks/CloudDocs.framework/PlugIns/com.apple.CloudDocs.MobileDocumentsFileProvider.appex/Contents/MacOS/com.apple.CloudDocs.MobileDocumentsFileProvider
1661 : /System/Library/Frameworks/MediaAccessibility.framework/Versions/A/XPCServices/com.apple.accessibility.mediaaccessibilityd.xpc/Contents/MacOS/com.apple.accessibility.mediaaccessibilityd
1335 : /System/Library/PrivateFrameworks/AssetCacheServicesExtensions.framework/XPCServices/AssetCacheManagerService.xpc/Contents/MacOS/AssetCacheManagerService
1226 : /System/Library/PrivateFrameworks/DifferentialPrivacy.framework/XPCServices/DPSubmissionService.xpc/Contents/MacOS/DPSubmissionService
1225 : /usr/libexec/tzd
1224 : /usr/libexec/mobileactivationd
1223 : /System/Library/PrivateFrameworks/FMClient.framework/Versions/A/XPCServices/FMIPClientXPCService.xpc/Contents/MacOS/FMIPClientXPCService
1221 : /System/Library/PrivateFrameworks/ContactsDonation.framework/Versions/A/Support/contactsdonationagent
1219 : /System/Library/PrivateFrameworks/CommerceKit.framework/Versions/A/Resources/storeaccountd
1217 : /System/Library/PrivateFrameworks/DeviceCheckInternal.framework/devicecheckd
1212 : /System/Library/CoreServices/iconservicesagent
1209 : /System/Library/PrivateFrameworks/StorageKit.framework/Resources/storagekitd
1194 : /usr/libexec/keyboardservicesd
1193 : /System/Library/Services/AppleSpell.service/Contents/MacOS/AppleSpell
1188 : /System/Library/PrivateFrameworks/SafariSafeBrowsing.framework/com.apple.Safari.SafeBrowsing.Service
1174 : /Library/Apple/System/Library/CoreServices/SafariSupport.bundle/Contents/MacOS/SafariLaunchAgent
1173 : /System/Library/PrivateFrameworks/Translation.framework/translationd
1164 : /System/Library/PrivateFrameworks/SafariShared.framework/Versions/A/XPCServices/com.apple.Safari.History.xpc/Contents/MacOS/com.apple.Safari.History
1121 : /usr/libexec/taskgated
1040 : /System/Library/PrivateFrameworks/PassKitCore.framework/passd
1034 : /System/Library/PrivateFrameworks/iCloudNotification.framework/iCloudNotificationAgent
1033 : /System/iOSSupport/System/Library/PrivateFrameworks/AvatarUI.framework/Support/avatarsd
1032 : /usr/libexec/DataDetectorsSourceAccess
1020 : /System/Library/PrivateFrameworks/AMPLibrary.framework/Versions/A/Support/AMPArtworkAgent
1019 : /System/Library/PrivateFrameworks/BookKit.framework/Versions/A/XPCServices/com.apple.BKAgentService.xpc/Contents/MacOS/com.apple.BKAgentService
1018 : /System/Library/PrivateFrameworks/PodcastServices.framework/XPCServices/PodcastContentService.xpc/Contents/MacOS/PodcastContentService
1017 : /System/Library/PrivateFrameworks/AssistantServices.framework/Versions/A/XPCServices/media-indexer.xpc/Contents/MacOS/media-indexer
1015 : /System/Applications/TV.app/Contents/PlugIns/TVCacheExtension.appex/Contents/MacOS/TVCacheExtension
1014 : /System/Applications/Music.app/Contents/PlugIns/MusicCacheExtension.appex/Contents/MacOS/MusicCacheExtension
1013 : /Applications/Safari.app/Contents/PlugIns/CacheDeleteExtension.appex/Contents/MacOS/CacheDeleteExtension
1012 : /System/Library/PrivateFrameworks/CommerceKit.framework/Versions/A/Resources/storedownloadd
1011 : /System/Library/PrivateFrameworks/PackageKit.framework/Resources/system_installd
1010 : /System/Library/PrivateFrameworks/PackageKit.framework/Resources/installd
1009 : /System/Applications/Mail.app/Contents/PlugIns/MailCacheDelete.appex/Contents/MacOS/MailCacheDelete
1008 : /usr/sbin/distnoted
1007 : /usr/libexec/replayd
1005 : /System/Library/PrivateFrameworks/CloudKitDaemon.framework/Support/cloudd
1004 : /System/Library/PrivateFrameworks/CacheDelete.framework/deleted_helper
1003 : /usr/bin/sysdiagnose
1002 : /usr/libexec/symptomsd-diag
1000 : /usr/libexec/silhouette
937 : /usr/libexec/periodic-wrapper
934 : /System/Library/PrivateFrameworks/IMDPersistence.framework/IMAutomaticHistoryDeletionAgent.app/Contents/MacOS/IMAutomaticHistoryDeletionAgent
933 : /usr/libexec/microstackshot
930 : /usr/libexec/transparencyd
916 : /System/Library/PrivateFrameworks/Noticeboard.framework/Versions/A/Resources/nbstated
914 : /System/Library/PrivateFrameworks/Noticeboard.framework/Versions/A/Resources/nbagent.app/Contents/MacOS/nbagent
912 : cloudphotod
902 : /System/Library/CoreServices/ScopedBookmarkAgent
894 : /System/Library/PrivateFrameworks/SkyLight.framework//Versions/A/Resources/AquaAppearanceHelper.app/Contents/MacOS/AquaAppearanceHelper
893 : /usr/libexec/SidecarRelay
887 : /System/Library/PrivateFrameworks/CoreSymbolication.framework/coresymbolicationd
877 : /System/Library/CoreServices/EscrowSecurityAlert.app/Contents/MacOS/EscrowSecurityAlert
874 : /System/Library/PrivateFrameworks/CacheDelete.framework/deleted
868 : /System/Library/PrivateFrameworks/CoreLSKD.framework/Versions/A/lskdd
865 : /System/Library/PrivateFrameworks/AppStoreDaemon.framework/Versions/A/XPCServices/com.apple.AppStoreDaemon.StorePrivilegedTaskService.xpc/Contents/MacOS/com.apple.AppStoreDaemon.StorePrivilegedTaskService
864 : /System/Library/PrivateFrameworks/InstallCoordination.framework/Support/installcoordinationd
863 : /System/Library/PrivateFrameworks/AppStoreDaemon.framework/Support/appstoreagent
862 : /usr/libexec/dprivacyd
860 : /System/Library/CoreServices/mapspushd
858 : /usr/libexec/triald
689 : /System/Library/PrivateFrameworks/KerberosHelper/Helpers/DiskUnmountWatcher
674 : /System/Library/Frameworks/NetFS.framework/Versions/A/XPCServices/PlugInLibraryService.xpc/Contents/MacOS/PlugInLibraryService
673 : /System/Library/Frameworks/VideoToolbox.framework/Versions/A/XPCServices/VTDecoderXPCService.xpc/Contents/MacOS/VTDecoderXPCService
672 : /System/Library/Frameworks/QuickLook.framework/Versions/A/XPCServices/QuickLookSatellite.xpc/Contents/MacOS/QuickLookSatellite
671 : /System/Library/Frameworks/QuickLookThumbnailing.framework/Support/com.apple.quicklook.ThumbnailsAgent
670 : /System/Library/Frameworks/NetFS.framework/Versions/A/XPCServices/PlugInLibraryService.xpc/Contents/MacOS/PlugInLibraryService
620 : /usr/libexec/online-authd
605 : /usr/libexec/siriknowledged
603 : /System/Library/PrivateFrameworks/MobileSoftwareUpdate.framework/Versions/A/XPCServices/com.apple.MobileSoftwareUpdate.CleanupPreparePathService.xpc/Contents/MacOS/com.apple.MobileSoftwareUpdate.CleanupPreparePathService
602 : /System/Library/PrivateFrameworks/SystemAdministration.framework/XPCServices/writeconfig.xpc/Contents/MacOS/writeconfig
595 : /usr/libexec/studentd
588 : /System/Library/Frameworks/CoreServices.framework/Frameworks/Metadata.framework/Versions/A/Support/mdwrite
587 : /System/Library/Frameworks/CoreServices.framework/Versions/A/Frameworks/DictionaryServices.framework/Versions/A/XPCServices/com.apple.DictionaryServiceHelper.xpc/Contents/MacOS/com.apple.DictionaryServiceHelper
586 : /System/Library/PrivateFrameworks/AssistantServices.framework/Versions/A/Support/assistant_service
585 : /System/Library/Frameworks/AudioToolbox.framework/XPCServices/com.apple.audio.SandboxHelper.xpc/Contents/MacOS/com.apple.audio.SandboxHelper
584 : /usr/libexec/adprivacyd
582 : /System/Library/Frameworks/CoreMediaIO.framework/Versions/A/XPCServices/com.apple.cmio.registerassistantservice.xpc/Contents/MacOS/com.apple.cmio.registerassistantservice
581 : /usr/sbin/systemstats
580 : /System/Library/Frameworks/AudioToolbox.framework/XPCServices/com.apple.audio.SandboxHelper.xpc/Contents/MacOS/com.apple.audio.SandboxHelper
577 : /System/Library/Frameworks/AudioToolbox.framework/XPCServices/com.apple.audio.SandboxHelper.xpc/Contents/MacOS/com.apple.audio.SandboxHelper
576 : /System/Library/PrivateFrameworks/ToneLibrary.framework/Versions/A/XPCServices/com.apple.tonelibraryd.xpc/Contents/MacOS/com.apple.tonelibraryd
574 : /usr/libexec/sysmond
573 : /usr/libexec/USBAgent
572 : /System/Library/PrivateFrameworks/Categories.framework/Versions/A/XPCServices/CategoriesService.xpc/Contents/MacOS/CategoriesService
571 : /usr/libexec/trustd
569 : /usr/libexec/wifivelocityd
568 : /System/Library/PrivateFrameworks/AssetCacheServicesExtensions.framework/XPCServices/AssetCacheTetheratorService.xpc/Contents/MacOS/AssetCacheTetheratorService
567 : /System/Library/PrivateFrameworks/CoreFP.framework/Versions/A/fairplayd
566 : /System/Library/Frameworks/Metal.framework/Versions/A/XPCServices/MTLCompilerService.xpc/Contents/MacOS/MTLCompilerService
565 : /System/Library/Frameworks/Metal.framework/Versions/A/XPCServices/MTLCompilerService.xpc/Contents/MacOS/MTLCompilerService
562 : /usr/libexec/WiFiVelocityAgent
561 : /System/Library/Frameworks/CoreMediaIO.framework/Versions/A/Resources/AppleCamera.plugin/Contents/Resources/AppleCameraAssistant
560 : /System/Library/PrivateFrameworks/AuthKit.framework/Versions/A/Support/akd
559 : /usr/libexec/morphunassetsupdaterd
558 : /usr/libexec/pkd
557 : /System/Library/PrivateFrameworks/Categories.framework/Versions/A/XPCServices/CategoriesService.xpc/Contents/MacOS/CategoriesService
556 : /System/Library/Frameworks/CoreServices.framework/Frameworks/Metadata.framework/Versions/A/Support/mdbulkimport
555 : /System/Library/Frameworks/CoreServices.framework/Frameworks/Metadata.framework/Versions/A/Support/mdbulkimport
553 : /Library/Apple/System/Library/CoreServices/SafariSupport.bundle/Contents/MacOS/SafariCloudHistoryPushAgent
552 : /Library/Apple/System/Library/CoreServices/SafariSupport.bundle/Contents/MacOS/SafariBookmarksSyncAgent
550 : /System/Library/Frameworks/NetFS.framework/Versions/A/XPCServices/PlugInLibraryService.xpc/Contents/MacOS/PlugInLibraryService
549 : /System/Library/Frameworks/NetFS.framework/Versions/A/XPCServices/PlugInLibraryService.xpc/Contents/MacOS/PlugInLibraryService
548 : /System/Library/Frameworks/NetFS.framework/Versions/A/XPCServices/PlugInLibraryService.xpc/Contents/MacOS/PlugInLibraryService
542 : /usr/libexec/nfcd
538 : /System/Library/CoreServices/CrashReporterSupportHelper
537 : /System/Library/PrivateFrameworks/AMPLibrary.framework/Versions/A/Support/AMPLibraryAgent
536 : /System/Library/PrivateFrameworks/AssistantServices.framework/Versions/A/XPCServices/com.apple.siri.ClientFlow.ClientScripter.xpc/Contents/MacOS/com.apple.siri.ClientFlow.ClientScripter
535 : /usr/libexec/diagnosticextensionsd
534 : /System/Library/PrivateFrameworks/SiriInference.framework/Support/siriinferenced
524 : /Applications/JetBrains
522 : /Applications/JetBrains
520 : /Applications/JetBrains
518 : /usr/libexec/rtcreportingd
517 : /System/Library/PrivateFrameworks/XprotectFramework.framework/Versions/A/XPCServices/XprotectService.xpc/Contents/MacOS/XprotectService
515 : /System/Library/PrivateFrameworks/IMFoundation.framework/XPCServices/IMRemoteURLConnectionAgent.xpc/Contents/MacOS/IMRemoteURLConnectionAgent
514 : /System/Library/PrivateFrameworks/UsageTracking.framework/Versions/A/UsageTrackingAgent
513 : /System/Library/CoreServices/rcd.app/Contents/MacOS/rcd
512 : /System/Library/CoreServices/SubmitDiagInfo
511 : /usr/libexec/spindump_agent
510 : /usr/sbin/spindump
505 : /System/Library/CoreServices/OSDUIHelper.app/Contents/MacOS/OSDUIHelper
504 : /System/Library/PrivateFrameworks/SoftwareUpdate.framework/Resources/SoftwareUpdateNotificationManager.app/Contents/MacOS/SoftwareUpdateNotificationManager
503 : /usr/libexec/findmydevice-user-agent
500 : /System/Library/Frameworks/VideoToolbox.framework/Versions/A/XPCServices/VTEncoderXPCService.xpc/Contents/MacOS/VTEncoderXPCService
499 : /usr/sbin/distnoted
497 : /System/Library/PrivateFrameworks/AssetCacheServices.framework/Versions/A/XPCServices/AssetCacheLocatorService.xpc/Contents/MacOS/AssetCacheLocatorService
495 : /Applications/JetBrains
489 : /System/Library/CoreServices/Menu
488 : SafeEjectGPUAgent
487 : /System/Library/PrivateFrameworks/CommerceKit.framework/Versions/A/Resources/commerce
486 : /System/Library/PrivateFrameworks/CoreFollowUp.framework/Versions/A/Support/followupd
482 : /usr/libexec/neagent
479 : /System/Library/PrivateFrameworks/CloudDocsDaemon.framework/XPCServices/ContainerMetadataExtractor.xpc/Contents/MacOS/ContainerMetadataExtractor
478 : /System/Library/PrivateFrameworks/AmbientDisplay.framework/Versions/A/XPCServices/com.apple.AmbientDisplayAgent.xpc/Contents/MacOS/com.apple.AmbientDisplayAgent
476 : /System/Library/Input
475 : /System/Library/Frameworks/AudioToolbox.framework/XPCServices/CarbonComponentScannerXPC.xpc/Contents/MacOS/CarbonComponentScannerXPC
474 : /System/Library/Frameworks/ApplicationServices.framework/Versions/A/Frameworks/HIServices.framework/Versions/A/XPCServices/com.apple.hiservices-xpcservice.xpc/Contents/MacOS/com.apple.hiservices-xpcservice
473 : /System/Library/Frameworks/AudioToolbox.framework/AudioComponentRegistrar
471 : /System/Library/PrivateFrameworks/CommunicationsFilter.framework/CMFSyncAgent
469 : /usr/libexec/smd
467 : /System/Library/CoreServices/CoreLocationAgent.app/Contents/MacOS/CoreLocationAgent
466 : /System/Library/Frameworks/OpenGL.framework/Versions/A/Libraries/CVMServer
465 : /usr/libexec/loginitemregisterd
463 : /usr/libexec/misagent
462 : /System/Library/PrivateFrameworks/CoreSuggestions.framework/Versions/A/Support/suggestd
460 : /System/Library/Frameworks/CryptoTokenKit.framework/ctkd
459 : /System/Library/PrivateFrameworks/CoreADI.framework/adid
454 : /System/Library/PrivateFrameworks/IMFoundation.framework/XPCServices/IMRemoteURLConnectionAgent.xpc/Contents/MacOS/IMRemoteURLConnectionAgent
452 : /usr/libexec/fmfd
451 : /System/Library/PrivateFrameworks/Categories.framework/Versions/A/XPCServices/CategoriesService.xpc/Contents/MacOS/CategoriesService
450 : /System/Library/PrivateFrameworks/Categories.framework/Versions/A/XPCServices/CategoriesService.xpc/Contents/MacOS/CategoriesService
449 : /System/Library/PrivateFrameworks/Categories.framework/Versions/A/XPCServices/CategoriesService.xpc/Contents/MacOS/CategoriesService
448 : /System/Library/Frameworks/CoreServices.framework/Frameworks/Metadata.framework/Versions/A/Support/corespotlightd
447 : /System/Library/CoreServices/WiFiAgent.app/Contents/MacOS/WiFiAgent
446 : /System/Library/CoreServices/UIKitSystem.app/Contents/MacOS/UIKitSystem
444 : /System/Library/PrivateFrameworks/IMFoundation.framework/XPCServices/IMRemoteURLConnectionAgent.xpc/Contents/MacOS/IMRemoteURLConnectionAgent
443 : /System/Library/PrivateFrameworks/MediaRemote.framework/Support/mediaremoteagent
442 : /System/Library/Frameworks/ClassKit.framework/Versions/A/progressd
441 : /System/Library/CoreServices/Clock.app/Contents/PlugIns/WorldClockWidget.appex/Contents/MacOS/WorldClockWidget
440 : /System/Applications/Calendar.app/Contents/PlugIns/CalendarWidgetExtension.appex/Contents/MacOS/CalendarWidgetExtension
439 : /usr/sbin/distnoted
438 : /System/Library/CoreServices/pbs
437 : /System/Applications/Stocks.app/Contents/PlugIns/StocksWidget.appex/Contents/MacOS/StocksWidget
436 : /System/Library/CoreServices/ClimateProxy.app/Contents/PlugIns/WeatherWidget.appex/Contents/MacOS/WeatherWidget
435 : /System/Library/PrivateFrameworks/FileProvider.framework/Support/fileproviderd
434 : /System/Library/CoreServices/Screen
433 : /System/Library/PrivateFrameworks/GeoServices.framework/Versions/A/XPCServices/com.apple.geod.xpc/Contents/MacOS/com.apple.geod
431 : /System/Library/PrivateFrameworks/CallHistory.framework/Support/CallHistoryPluginHelper
430 : /System/Library/PrivateFrameworks/CalendarNotification.framework/Versions/A/XPCServices/CalNCService.xpc/Contents/MacOS/CalNCService
428 : /System/Library/Frameworks/Security.framework/Versions/A/Resources/CloudKeychainProxy.bundle/Contents/MacOS/CloudKeychainProxy
427 : /System/Library/PrivateFrameworks/IMDPersistence.framework/XPCServices/IMDPersistenceAgent.xpc/Contents/MacOS/IMDPersistenceAgent
425 : /System/Library/CoreServices/Keychain
424 : /System/Library/PrivateFrameworks/ProtectedCloudStorage.framework/Helpers/ProtectedCloudKeySyncing
423 : /System/Library/PrivateFrameworks/CoreCDP.framework/Versions/A/Resources/cdpd
422 : /System/Library/CoreServices/Software
421 : /System/Library/PrivateFrameworks/IMFoundation.framework/XPCServices/IMRemoteURLConnectionAgent.xpc/Contents/MacOS/IMRemoteURLConnectionAgent
420 : /System/Library/PrivateFrameworks/CoreParsec.framework/parsecd
419 : /System/Library/PrivateFrameworks/AppleMediaServicesUI.framework/amsengagementd
417 : /System/Library/CoreServices/Spotlight.app/Contents/MacOS/Spotlight
416 : /System/Library/PrivateFrameworks/FamilyCircle.framework/Versions/A/Resources/familycircled
415 : /usr/sbin/distnoted
414 : /System/Library/CoreServices/TextInputSwitcher.app/Contents/MacOS/TextInputSwitcher
413 : /System/Library/Frameworks/CryptoTokenKit.framework/ctkahp.bundle/Contents/MacOS/ctkahp
411 : /System/Library/PrivateFrameworks/IMFoundation.framework/XPCServices/IMRemoteURLConnectionAgent.xpc/Contents/MacOS/IMRemoteURLConnectionAgent
410 : /usr/libexec/amfid
409 : /System/Library/Frameworks/CryptoTokenKit.framework/ctkahp.bundle/Contents/MacOS/ctkahp
407 : /System/Library/PrivateFrameworks/AppleMediaServices.framework/Resources/amsaccountsd
405 : /System/Library/CoreServices/TextInputMenuAgent.app/Contents/MacOS/TextInputMenuAgent
404 : /System/Library/CoreServices/diagnostics_agent
403 : /System/Library/PrivateFrameworks/IMCore.framework/imagent.app/Contents/MacOS/imagent
402 : /System/Library/CoreServices/cloudpaird
400 : /System/Library/CoreServices/AirPlayUIAgent.app/Contents/MacOS/AirPlayUIAgent
398 : /System/Library/PrivateFrameworks/AskPermission.framework/Versions/A/Resources/askpermissiond
397 : /System/Library/PrivateFrameworks/CalendarAgent.framework/Executables/CalendarAgent
396 : /System/Library/Image
395 : /Applications/JetBrains
393 : /System/Library/Frameworks/InputMethodKit.framework/Resources/imklaunchagent
389 : /System/Library/PrivateFrameworks/CoreSpeech.framework/corespeechd
387 : /System/Library/PrivateFrameworks/TelephonyUtilities.framework/callservicesd
386 : /usr/sbin/WirelessRadioManagerd
384 : /System/Library/PrivateFrameworks/AMPDevices.framework/Versions/A/Support/AMPDeviceDiscoveryAgent
382 : /System/Library/PrivateFrameworks/CloudKitDaemon.framework/Support/cloudd
380 : /usr/libexec/sharingd
379 : /usr/libexec/captiveagent
378 : /System/Library/PrivateFrameworks/Categories.framework/Versions/A/XPCServices/CategoriesService.xpc/Contents/MacOS/CategoriesService
377 : /System/Library/PrivateFrameworks/ContextKit.framework/Versions/A/XPCServices/ContextService.xpc/Contents/MacOS/ContextService
376 : /System/Library/CoreServices/Dock.app/Contents/XPCServices/com.apple.dock.extra.xpc/Contents/MacOS/com.apple.dock.extra
375 : /System/Library/PrivateFrameworks/UserActivity.framework/Agents/useractivityd
374 : /System/Library/PrivateFrameworks/AuthKit.framework/Versions/A/Support/akd
373 : /System/Library/CoreServices/Software
372 : /System/Library/PrivateFrameworks/AssistantServices.framework/Versions/A/XPCServices/com.apple.siri.embeddedspeech.xpc/Contents/MacOS/com.apple.siri.embeddedspeech
370 : /System/Library/Frameworks/AddressBook.framework/Executables/ContactsAccountsService
369 : /System/Library/CoreServices/sharedfilelistd
368 : /usr/sbin/distnoted
367 : /System/Library/Frameworks/CryptoTokenKit.framework/ctkd
366 : /System/Library/CoreServices/iconservicesagent
365 : /System/Library/PrivateFrameworks/AppSSO.framework/Support/AppSSOAgent.app/Contents/MacOS/AppSSOAgent
364 : /System/Library/Frameworks/ApplicationServices.framework/Versions/A/Frameworks/ATS.framework/Versions/A/Support/fontworker
363 : /System/Library/Frameworks/Accounts.framework/Versions/A/Support/accountsd
362 : /System/Library/PrivateFrameworks/CoreDuetContext.framework/Resources/ContextStoreAgent
361 : /System/Library/PrivateFrameworks/HomeKitDaemon.framework/Support/homed
360 : /System/Library/Frameworks/ApplicationServices.framework/Frameworks/ATS.framework/Support/fontd
359 : /usr/sbin/filecoordinationd
358 : /System/Library/PrivateFrameworks/AssistantServices.framework/Versions/A/Support/assistantd
357 : /usr/libexec/pkd
356 : /usr/libexec/dmd
355 : /usr/libexec/swcd
354 : /System/Library/PrivateFrameworks/CloudDocsDaemon.framework/Versions/A/Support/bird
353 : /System/Library/PrivateFrameworks/PhotoLibraryServices.framework/Versions/A/Support/photolibraryd
352 : /System/Library/PrivateFrameworks/IDS.framework/identityservicesd.app/Contents/MacOS/identityservicesd
351 : /usr/libexec/containermanagerd
350 : /System/Library/CoreServices/NotificationCenter.app/Contents/MacOS/NotificationCenter
349 : /System/Library/PrivateFrameworks/ScreenTimeCore.framework/Versions/A/ScreenTimeAgent
348 : /System/Library/PrivateFrameworks/iTunesCloud.framework/Support/itunescloudd
347 : /usr/libexec/networkserviceproxy
346 : /System/Library/CoreServices/APFSUserAgent
345 : /System/Library/PrivateFrameworks/TCC.framework/Resources/tccd
344 : /System/Library/Frameworks/Quartz.framework/Versions/A/Frameworks/QuickLookUI.framework/Versions/A/XPCServices/QuickLookUIService.xpc/Contents/MacOS/QuickLookUIService
343 : /System/Library/CoreServices/lockoutagent
342 : /usr/libexec/secinitd
341 : /usr/libexec/nsurlsessiond
340 : /System/Library/Frameworks/CoreTelephony.framework/Support/CommCenter
339 : /usr/libexec/routined
337 : /usr/libexec/rapportd
336 : /System/Library/Frameworks/Security.framework/Versions/A/XPCServices/TrustedPeersHelper.xpc/Contents/MacOS/TrustedPeersHelper
335 : /usr/libexec/trustd
334 : /usr/sbin/systemsoundserverd
333 : /usr/sbin/usernoted
332 : /usr/libexec/pboard
331 : /System/Library/CoreServices/backgroundtaskmanagementagent
327 : /usr/libexec/secd
325 : /System/Library/CoreServices/SystemUIServer.app/Contents/MacOS/SystemUIServer
324 : /usr/libexec/lsd
323 : /System/Library/CoreServices/ControlCenter.app/Contents/MacOS/ControlCenter
322 : /System/Library/CoreServices/Dock.app/Contents/MacOS/Dock
321 : /System/Library/CoreServices/talagent
319 : /usr/libexec/knowledge-agent
318 : /System/Library/PrivateFrameworks/CloudServices.framework/Helpers/com.apple.sbd
316 : /usr/libexec/UserEventAgent
315 : /usr/libexec/securityd_service
314 : /System/Library/Frameworks/LocalAuthentication.framework/Support/coreauthd
313 : /usr/sbin/cfprefsd
312 : /usr/sbin/distnoted
311 : /System/Library/Frameworks/LocalAuthentication.framework/Support/coreauthd
307 : /System/Library/Frameworks/GSS.framework/Helpers/GSSCred
304 : /System/Library/PrivateFrameworks/AccountPolicy.framework/XPCServices/com.apple.AccountPolicyHelper.xpc/Contents/MacOS/com.apple.AccountPolicyHelper
299 : /usr/libexec/bootinstalld
296 : /System/Library/CoreServices/appleeventsd
295 : /System/Library/Frameworks/ApplicationServices.framework/Versions/A/Frameworks/ATS.framework/Versions/A/Support/fontworker
294 : /System/Library/Frameworks/ApplicationServices.framework/Frameworks/ATS.framework/Support/fontd
293 : /usr/libexec/colorsyncd
292 : /usr/libexec/colorsync.displayservices
284 : /usr/sbin/distnoted
281 : /usr/libexec/wifianalyticsd
277 : /System/Library/Frameworks/CoreServices.framework/Frameworks/Metadata.framework/Versions/A/Support/mds_stores
275 : /usr/libexec/locationd
272 : /usr/libexec/secinitd
271 : /usr/sbin/distnoted
269 : /usr/libexec/hidd
250 : /System/Library/CoreServices/backupd.bundle/Contents/Resources/backupd-helper
247 : /usr/libexec/thermald
246 : /usr/libexec/containermanagerd
242 : /System/Library/Frameworks/Security.framework/Versions/A/XPCServices/com.apple.CodeSigningHelper.xpc/Contents/MacOS/com.apple.CodeSigningHelper
241 : /System/Library/Frameworks/NetFS.framework/Versions/A/XPCServices/PlugInLibraryService.xpc/Contents/MacOS/PlugInLibraryService
236 : /usr/libexec/logd_helper
235 : /System/Library/Frameworks/AudioToolbox.framework/XPCServices/com.apple.audio.SandboxHelper.xpc/Contents/MacOS/com.apple.audio.SandboxHelper
234 : /System/Library/Frameworks/AudioToolbox.framework/AudioComponentRegistrar
223 : /usr/libexec/mobileassetd
217 : /System/Library/CoreServices/backupd.bundle/Contents/Resources/backupd
214 : /usr/libexec/runningboardd
213 : /usr/libexec/containermanagerd
212 : /usr/libexec/trustd
211 : /usr/sbin/cfprefsd
210 : /usr/libexec/secinitd
209 : /usr/sbin/distnoted
208 : /System/Library/PrivateFrameworks/GeoServices.framework/Versions/A/XPCServices/com.apple.geod.xpc/Contents/MacOS/com.apple.geod
207 : /usr/libexec/aned
205 : /usr/libexec/nsurlsessiond
204 : /System/Library/Frameworks/CoreMediaIO.framework/Resources/VDC.plugin/Contents/Resources/VDCAssistant
203 : /System/Library/Frameworks/CoreAudio.framework/Versions/A/XPCServices/com.apple.audio.DriverHelper.xpc/Contents/MacOS/com.apple.audio.DriverHelper
202 : /usr/libexec/usbd
197 : /usr/libexec/apfsd
194 : /System/Library/CryptoTokenKit/com.apple.ifdreader.slotd/Contents/MacOS/com.apple.ifdreader
193 : /System/Library/PrivateFrameworks/WirelessDiagnostics.framework/Support/awdd
192 : /usr/sbin/mDNSResponderHelper
190 : /usr/sbin/distnoted
189 : /System/Library/PrivateFrameworks/FindMyMac.framework/Resources/FindMyMacd
9299 : awk
186 : /usr/libexec/searchpartyd
177 : /usr/libexec/findmydeviced
176 : /usr/libexec/symptomsd
174 : /usr/libexec/nehelper
172 : /usr/libexec/lsd
170 : /usr/libexec/trustd
156 : /usr/libexec/airportd
151 : /usr/sbin/mDNSResponder
150 : /usr/sbin/distnoted
146 : /System/Library/CoreServices/coreservicesd
144 : /System/Library/Frameworks/Security.framework/Versions/A/XPCServices/authd.xpc/Contents/MacOS/authd
140 : /usr/libexec/PowerUIAgent
126 : /System/Library/PrivateFrameworks/CoreAnalytics.framework/Support/analyticsd
123 : /System/Library/CoreServices/loginwindow.app/Contents/MacOS/loginwindow
122 : /System/Library/PrivateFrameworks/TCC.framework/Resources/tccd
121 : aslmanager
119 : /usr/sbin/cfprefsd
118 : /usr/libexec/AirPlayXPCHelper
117 : /usr/libexec/corebrightnessd
114 : /usr/sbin/bluetoothd
112 : /usr/sbin/KernelEventAgent
111 : /System/Library/PrivateFrameworks/GenerationalStorage.framework/Versions/A/Support/revisiond
110 : /System/Library/CoreServices/logind
107 : /System/Library/PrivateFrameworks/AppleCredentialManager.framework/AppleCredentialManagerDaemon
106 : /usr/sbin/distnoted
104 : /usr/libexec/dasd
102 : /usr/libexec/displaypolicyd
101 : autofsd
97 : auditd
96 : /usr/sbin/securityd
95 : /System/Library/PrivateFrameworks/MobileDevice.framework/Versions/A/Resources/usbmuxd
94 : /usr/libexec/timed
92 : /System/Library/PrivateFrameworks/ApplePushService.framework/apsd
90 : /System/Library/PrivateFrameworks/CoreDuetContext.framework/Resources/contextstored
89 : /usr/libexec/thermalmonitord
86 : /usr/libexec/coreduetd
83 : /usr/libexec/diskarbitrationd
82 : /usr/libexec/kernelmanagerd
81 : /System/Library/CoreServices/iconservicesd
80 : /System/Library/Frameworks/CoreServices.framework/Frameworks/Metadata.framework/Support/mds
76 : /usr/libexec/watchdogd
74 : /System/Library/PrivateFrameworks/MobileSoftwareUpdate.framework/Support/softwareupdated
71 : /usr/libexec/keybagd
68 : /usr/libexec/remoted
64 : endpointsecurityd
63 : /usr/libexec/configd
61 : /usr/sbin/systemstats
58 : /System/Library/PrivateFrameworks/MediaRemote.framework/Support/mediaremoted
57 : /System/Library/Frameworks/CoreServices.framework/Versions/A/Frameworks/FSEvents.framework/Versions/A/Support/fseventsd
56 : /System/Library/PrivateFrameworks/Uninstall.framework/Resources/uninstalld
53 : /usr/libexec/UserEventAgent
52 : /usr/sbin/syslogd
187 : /usr/libexec/diskmanagementd
9298 : ps
9293 : /bin/bash
9262 : /System/Library/Frameworks/CoreServices.framework/Frameworks/Metadata.framework/Versions/A/Support/mdworker_shared
9250 : /System/Library/Frameworks/CoreServices.framework/Frameworks/Metadata.framework/Versions/A/Support/mdworker_shared
9232 : /Users/ew0s/.cache/gitstatus/gitstatusd-darwin-x86_64
9230 : -zsh
9229 : -zsh
9185 : -zsh
9181 : -zsh
9180 : login
9040 : /System/Library/Frameworks/WebKit.framework/Versions/A/XPCServices/com.apple.WebKit.WebContent.xpc/Contents/MacOS/com.apple.WebKit.WebContent
9039 : /System/Library/Frameworks/WebKit.framework/Versions/A/XPCServices/com.apple.WebKit.WebContent.xpc/Contents/MacOS/com.apple.WebKit.WebContent
9038 : /System/Library/Frameworks/WebKit.framework/Versions/A/XPCServices/com.apple.WebKit.WebContent.xpc/Contents/MacOS/com.apple.WebKit.WebContent
9027 : /usr/libexec/AssetCache/AssetCache
9025 : /usr/sbin/netbiosd
8972 : /System/Library/PrivateFrameworks/AOSKit.framework/Versions/A/XPCServices/com.apple.iCloudHelper.xpc/Contents/MacOS/com.apple.iCloudHelper
8911 : /System/Library/Frameworks/Metal.framework/Versions/A/XPCServices/MTLCompilerService.xpc/Contents/MacOS/MTLCompilerService
8910 : /System/Library/Frameworks/Metal.framework/Versions/A/XPCServices/MTLCompilerService.xpc/Contents/MacOS/MTLCompilerService
8907 : /System/Library/Frameworks/WebKit.framework/Versions/A/XPCServices/com.apple.WebKit.WebContent.xpc/Contents/MacOS/com.apple.WebKit.WebContent
8906 : /System/Library/Frameworks/WebKit.framework/Versions/A/XPCServices/com.apple.WebKit.WebContent.xpc/Contents/MacOS/com.apple.WebKit.WebContent
